<?xml version="1.0" encoding="UTF-8"?>
<testng-results ignored="0" total="2" passed="2" failed="0" skipped="0">
  <reporter-output>
  </reporter-output>
  <suite started-at="2024-04-15T03:29:28Z" name="Suite" finished-at="2024-04-15T03:30:19Z" duration-ms="51022">
    <groups>
    </groups>
    <test started-at="2024-04-15T03:29:28Z" name="Test" finished-at="2024-04-15T03:30:19Z" duration-ms="51022">
      <class name="com.salesforce.test.testapp.AppTest">
        <test-method is-config="true" signature="setUp()[pri:0, instance:com.salesforce.test.testapp.AppTest@61dd025]" started-at="2024-04-14T22:29:27Z" name="setUp" finished-at="2024-04-14T22:29:28Z" duration-ms="832" status="PASS">
          <reporter-output>
          </reporter-output>
        </test-method> <!-- setUp -->
        <test-method is-config="true" signature="signIn(java.lang.String, java.lang.String)[pri:0, instance:com.salesforce.test.testapp.AppTest@61dd025]" started-at="2024-04-14T22:29:28Z" name="signIn" finished-at="2024-04-14T22:29:36Z" duration-ms="8311" status="PASS">
          <params>
            <param index="0">
              <value>
                <![CDATA[saniagovp16-qr6c@force.com]]>
              </value>
            </param>
            <param index="1">
              <value>
                <![CDATA[testsfpass1]]>
              </value>
            </param>
          </params>
          <reporter-output>
          </reporter-output>
        </test-method> <!-- signIn -->
        <test-method signature="createAccountTest()[pri:0, instance:com.salesforce.test.testapp.AppTest@61dd025]" started-at="2024-04-14T22:29:36Z" name="createAccountTest" finished-at="2024-04-14T22:29:57Z" duration-ms="21081" status="PASS">
          <reporter-output>
          </reporter-output>
        </test-method> <!-- createAccountTest -->
        <test-method signature="editAccountTest()[pri:0, instance:com.salesforce.test.testapp.AppTest@61dd025]" started-at="2024-04-14T22:29:57Z" name="editAccountTest" finished-at="2024-04-14T22:30:19Z" depends-on-methods="com.salesforce.test.testapp.AppTest.createAccountTest" duration-ms="21212" status="PASS">
          <reporter-output>
          </reporter-output>
        </test-method> <!-- editAccountTest -->
        <test-method is-config="true" signature="DeleteAccountAndsignOut()[pri:0, instance:com.salesforce.test.testapp.AppTest@61dd025]" started-at="2024-04-14T22:30:19Z" name="DeleteAccountAndsignOut" finished-at="2024-04-14T22:30:19Z" duration-ms="414" status="PASS">
          <reporter-output>
          </reporter-output>
        </test-method> <!-- DeleteAccountAndsignOut -->
        <test-method is-config="true" signature="driverCleanUp()[pri:0, instance:com.salesforce.test.testapp.AppTest@61dd025]" started-at="2024-04-14T22:30:19Z" name="driverCleanUp" finished-at="2024-04-14T22:30:19Z" duration-ms="130" status="PASS">
          <reporter-output>
          </reporter-output>
        </test-method> <!-- driverCleanUp -->
      </class> <!-- com.salesforce.test.testapp.AppTest -->
    </test> <!-- Test -->
  </suite> <!-- Suite -->
</testng-results>
